\BOOKMARK [1][-]{section*.1}{Abstract}{}% 1
\BOOKMARK [0][-]{chapter.1}{Introduction}{}% 2
\BOOKMARK [1][-]{section.1.1}{Overview}{chapter.1}% 3
\BOOKMARK [1][-]{section.1.2}{Standard\040model\040of\040particle\040physics}{chapter.1}% 4
\BOOKMARK [1][-]{section.1.3}{Z\(νν\)γ cross section}{chapter.1}% 5
\BOOKMARK [2][-]{subsection.1.3.1}{Previous\040measurements}{section.1.3}% 6
\BOOKMARK [1][-]{section.1.4}{Anomalous\040triple\040gauge\040couplings}{chapter.1}% 7
\BOOKMARK [2][-]{subsection.1.4.1}{Previous\040searches}{section.1.4}% 8
\BOOKMARK [1][-]{section.1.5}{Dark\040matter\040EFT\040and\040simplified\040models}{chapter.1}% 9
\BOOKMARK [2][-]{subsection.1.5.1}{Previous\040searches}{section.1.5}% 10
\BOOKMARK [1][-]{section.1.6}{ADD\040gravitons}{chapter.1}% 11
\BOOKMARK [2][-]{subsection.1.6.1}{Previous\040searches}{section.1.6}% 12
\BOOKMARK [0][-]{chapter.2}{The\040CMS\040experiment\040and\040the\040LHC}{}% 13
\BOOKMARK [1][-]{section.2.1}{The\040LHC}{chapter.2}% 14
\BOOKMARK [2][-]{subsection.2.1.1}{Proton\040acceleration\040and\040collision}{section.2.1}% 15
\BOOKMARK [2][-]{subsection.2.1.2}{Collimation,\040magnets,\040and\040beam\040halo}{section.2.1}% 16
\BOOKMARK [1][-]{section.2.2}{The\040CMS\040experiment}{chapter.2}% 17
\BOOKMARK [2][-]{subsection.2.2.1}{Coordinate\040system}{section.2.2}% 18
\BOOKMARK [2][-]{subsection.2.2.2}{Superconducting\040solenoid\040and\040silicon\040tracking\040system}{section.2.2}% 19
\BOOKMARK [2][-]{subsection.2.2.3}{Electromagnetic\040calorimeter}{section.2.2}% 20
\BOOKMARK [2][-]{subsection.2.2.4}{Hadronic\040calorimeter}{section.2.2}% 21
\BOOKMARK [2][-]{subsection.2.2.5}{Muon\040systems}{section.2.2}% 22
\BOOKMARK [2][-]{subsection.2.2.6}{Trigger\040system}{section.2.2}% 23
\BOOKMARK [2][-]{subsection.2.2.7}{Luminosity\040measurement}{section.2.2}% 24
\BOOKMARK [0][-]{chapter.3}{Simulation}{}% 25
\BOOKMARK [1][-]{section.3.1}{Parton\040distribution\040functions}{chapter.3}% 26
\BOOKMARK [1][-]{section.3.2}{Hard\040process\040generation}{chapter.3}% 27
\BOOKMARK [1][-]{section.3.3}{Parton\040showering\040and\040hadronization}{chapter.3}% 28
\BOOKMARK [1][-]{section.3.4}{Pileup\040and\040detector\040simulation}{chapter.3}% 29
\BOOKMARK [0][-]{chapter.4}{Object\040reconstruction}{}% 30
\BOOKMARK [1][-]{section.4.1}{The\040particle-flow\040algorithm}{chapter.4}% 31
\BOOKMARK [1][-]{section.4.2}{Tracks\040and\040clusters}{chapter.4}% 32
\BOOKMARK [1][-]{section.4.3}{Muons}{chapter.4}% 33
\BOOKMARK [1][-]{section.4.4}{Photons\040and\040electrons}{chapter.4}% 34
\BOOKMARK [1][-]{section.4.5}{Hadrons,\040jets,\040and\040missing\040transverse\040momentum}{chapter.4}% 35
\BOOKMARK [0][-]{chapter.5}{Event\040selection}{}% 36
\BOOKMARK [1][-]{section.5.1}{The\040monophoton\040signature\040and\040background\040sources}{chapter.5}% 37
\BOOKMARK [1][-]{section.5.2}{Trigger\040and\040pTmiss\040filters}{chapter.5}% 38
\BOOKMARK [1][-]{section.5.3}{Photon}{chapter.5}% 39
\BOOKMARK [1][-]{section.5.4}{Missing\040transverse\040momentum}{chapter.5}% 40
\BOOKMARK [1][-]{section.5.5}{Lepton\040vetoes}{chapter.5}% 41
\BOOKMARK [1][-]{section.5.6}{Single\040electron\040control\040region}{chapter.5}% 42
\BOOKMARK [1][-]{section.5.7}{Single\040muon\040control\040region}{chapter.5}% 43
\BOOKMARK [1][-]{section.5.8}{Dielectron\040control\040region}{chapter.5}% 44
\BOOKMARK [1][-]{section.5.9}{Dimuon\040control\040region}{chapter.5}% 45
\BOOKMARK [0][-]{chapter.6}{Background\040estimation}{}% 46
\BOOKMARK [1][-]{section.6.1}{Simulated\040backgrounds}{chapter.6}% 47
\BOOKMARK [1][-]{section.6.2}{Electron\040faking\040photon}{chapter.6}% 48
\BOOKMARK [1][-]{section.6.3}{Jet\040faking\040photon}{chapter.6}% 49
\BOOKMARK [1][-]{section.6.4}{Spikes}{chapter.6}% 50
\BOOKMARK [1][-]{section.6.5}{Beam\040halo}{chapter.6}% 51
\BOOKMARK [1][-]{section.6.6}{Transfer\040factors}{chapter.6}% 52
\BOOKMARK [1][-]{section.6.7}{Likelihood\040function}{chapter.6}% 53
\BOOKMARK [0][-]{chapter.7}{Results}{}% 54
\BOOKMARK [1][-]{section.7.1}{Z\(νν\)γ cross section}{chapter.7}% 55
\BOOKMARK [1][-]{section.7.2}{aTGC\040limits}{chapter.7}% 56
\BOOKMARK [1][-]{section.7.3}{DM\040simplified\040model\040limits}{chapter.7}% 57
\BOOKMARK [1][-]{section.7.4}{ADD\040limits}{chapter.7}% 58
\BOOKMARK [0][-]{chapter.8}{Conclusions}{}% 59
\BOOKMARK [1][-]{section.8.1}{Summary}{chapter.8}% 60
\BOOKMARK [1][-]{section.8.2}{Outlook}{chapter.8}% 61
\BOOKMARK [0][-]{chapter*.2}{Bibliography}{}% 62
